[0m2021.11.04 06:39:41 INFO  Started: Metals version 0.10.8 in workspace '/home/project' for client Theia Data Science IDE 1.53.2.[0m
[0m2021.11.04 06:39:47 INFO  time: initialize in 6.31s[0m
[0m2021.11.04 06:39:49 WARN  Build server is not auto-connectable.[0m
[0m2021.11.04 06:39:49 WARN  no build tool detected in workspace '/home/project'. The most common cause for this problem is that the editor was opened in the wrong working directory, for example if you use sbt then the workspace directory should contain build.sbt. [0m
[0m2021.11.04 06:39:49 WARN  no build target for: /home/project/00_scala_basics.scala[0m
[0m2021.11.04 06:40:00 INFO  no build target: using presentation compiler with only scala-library: 3.1.0[0m
[0m2021.11.04 06:40:10 INFO  time: code lens generation in 17s[0m
[0m2021.11.04 06:52:26 WARN  no build target for: /home/project/01_scala_maven/src/main/scala/com/mycomp/App.scala[0m
[0m2021.11.04 06:52:45 WARN  no build target for: /home/project/01_scala_maven/src/main/scala/com/mycomp/App.scala[0m
[0m2021.11.04 06:52:51 ERROR text document: file:///home/project/00_scala_basics.scala
java.nio.file.NoSuchFileException: /home/project/00_scala_basics.scala
	at sun.nio.fs.UnixException.translateToIOException(UnixException.java:92)
	at sun.nio.fs.UnixException.rethrowAsIOException(UnixException.java:111)
	at sun.nio.fs.UnixException.rethrowAsIOException(UnixException.java:116)
	at sun.nio.fs.UnixFileSystemProvider.newByteChannel(UnixFileSystemProvider.java:219)
	at java.nio.file.Files.newByteChannel(Files.java:371)
	at java.nio.file.Files.newByteChannel(Files.java:422)
	at java.nio.file.Files.readAllBytes(Files.java:3206)
	at scala.meta.internal.io.PlatformFileIO$.slurp(PlatformFileIO.scala:45)
	at scala.meta.internal.io.FileIO$.slurp(FileIO.scala:24)
	at scala.meta.internal.metals.InteractiveSemanticdbs.$anonfun$textDocument$2(InteractiveSemanticdbs.scala:88)
	at scala.Option.getOrElse(Option.scala:189)
	at scala.meta.internal.metals.InteractiveSemanticdbs.$anonfun$textDocument$1(InteractiveSemanticdbs.scala:88)
	at java.util.HashMap.compute(HashMap.java:1228)
	at java.util.Collections$SynchronizedMap.compute(Collections.java:2692)
	at scala.meta.internal.metals.InteractiveSemanticdbs.textDocument(InteractiveSemanticdbs.scala:87)
	at scala.meta.internal.metals.InteractiveSemanticdbs.textDocument(InteractiveSemanticdbs.scala:61)
	at scala.meta.internal.metals.AggregateSemanticdbs.loop$1(AggregateSemanticdbs.scala:30)
	at scala.meta.internal.metals.AggregateSemanticdbs.textDocument(AggregateSemanticdbs.scala:36)
	at scala.meta.internal.metals.DocumentHighlightProvider.documentHighlight(DocumentHighlightProvider.scala:26)
	at scala.meta.internal.metals.MetalsLanguageServer.$anonfun$documentHighlights$1(MetalsLanguageServer.scala:1399)
	at scala.meta.internal.metals.CancelTokens$.$anonfun$apply$2(CancelTokens.scala:26)
	at scala.concurrent.Future$.$anonfun$apply$1(Future.scala:659)
	at scala.util.Success.$anonfun$map$1(Try.scala:255)
	at scala.util.Success.map(Try.scala:213)
	at scala.concurrent.Future.$anonfun$map$1(Future.scala:292)
	at scala.concurrent.impl.Promise.liftedTree1$1(Promise.scala:33)
	at scala.concurrent.impl.Promise.$anonfun$transform$1(Promise.scala:33)
	at scala.concurrent.impl.CallbackRunnable.run(Promise.scala:64)
	at java.util.concurrent.ThreadPoolExecutor.runWorker(ThreadPoolExecutor.java:1128)
	at java.util.concurrent.ThreadPoolExecutor$Worker.run(ThreadPoolExecutor.java:628)
	at java.lang.Thread.run(Thread.java:829)
[0m
[0m2021.11.04 06:52:52 WARN  no build target for: /home/project/00_scala_basics.scala[0m
[0m2021.11.04 06:53:17 WARN  no build target for: /home/project/01_scala_maven/src/main/scala/com/mycomp/App.scala[0m
[0m2021.11.04 06:53:17 WARN  no build target for: /home/project/01_scala_maven/src/main/scala/com/mycomp/App.scala[0m
[0m2021.11.04 06:53:17 WARN  no build target for: /home/project/01_scala_maven/src/main/scala/com/mycomp/App.scala[0m
[0m2021.11.04 06:53:19 WARN  no build target for: /home/project/01_scala_maven/src/main/scala/com/mycomp/App.scala[0m
[0m2021.11.04 06:53:19 WARN  no build target for: /home/project/01_scala_maven/src/main/scala/com/mycomp/App.scala[0m
[0m2021.11.04 06:54:31 WARN  no build target for: /home/project/01_scala_maven/src/main/scala/com/mycomp/App.scala[0m
[0m2021.11.04 06:54:31 WARN  no build target for: /home/project/01_scala_maven/src/main/scala/com/mycomp/App.scala[0m
[0m2021.11.04 06:54:31 WARN  no build target for: /home/project/01_scala_maven/src/main/scala/com/mycomp/App.scala[0m
[0m2021.11.04 06:55:23 WARN  no build target for: /home/project/01_scala_basics_maven/src/main/scala/com/mycomp/App.scala[0m
[0m2021.11.04 07:04:48 INFO  shutting down Metals[0m
[0m2021.11.04 07:38:29 INFO  Started: Metals version 0.10.8 in workspace '/home/project' for client Theia Data Science IDE 1.53.2.[0m
[0m2021.11.04 07:38:32 INFO  time: initialize in 2.63s[0m
[0m2021.11.04 07:38:32 WARN  Build server is not auto-connectable.[0m
[0m2021.11.04 07:38:32 WARN  no build tool detected in workspace '/home/project'. The most common cause for this problem is that the editor was opened in the wrong working directory, for example if you use sbt then the workspace directory should contain build.sbt. [0m
